2018-10-30T09:22:12+00:00 INFO Queuing 3.1.0 - wc_update_310_downloadable_products
2018-10-30T09:22:12+00:00 INFO Queuing 3.1.0 - wc_update_310_old_comments
2018-10-30T09:22:12+00:00 INFO Queuing 3.1.0 - wc_update_310_db_version
2018-10-30T09:22:12+00:00 INFO Queuing 3.1.2 - wc_update_312_shop_manager_capabilities
2018-10-30T09:22:12+00:00 INFO Queuing 3.1.2 - wc_update_312_db_version
2018-10-30T09:22:12+00:00 INFO Queuing 3.2.0 - wc_update_320_mexican_states
2018-10-30T09:22:12+00:00 INFO Queuing 3.2.0 - wc_update_320_db_version
2018-10-30T09:22:12+00:00 INFO Queuing 3.3.0 - wc_update_330_image_options
2018-10-30T09:22:12+00:00 INFO Queuing 3.3.0 - wc_update_330_webhooks
2018-10-30T09:22:12+00:00 INFO Queuing 3.3.0 - wc_update_330_product_stock_status
2018-10-30T09:22:12+00:00 INFO Queuing 3.3.0 - wc_update_330_set_default_product_cat
2018-10-30T09:22:12+00:00 INFO Queuing 3.3.0 - wc_update_330_clear_transients
2018-10-30T09:22:12+00:00 INFO Queuing 3.3.0 - wc_update_330_set_paypal_sandbox_credentials
2018-10-30T09:22:12+00:00 INFO Queuing 3.3.0 - wc_update_330_db_version
2018-10-30T09:22:12+00:00 INFO Queuing 3.4.0 - wc_update_340_states
2018-10-30T09:22:12+00:00 INFO Queuing 3.4.0 - wc_update_340_state
2018-10-30T09:22:12+00:00 INFO Queuing 3.4.0 - wc_update_340_last_active
2018-10-30T09:22:12+00:00 INFO Queuing 3.4.0 - wc_update_340_db_version
2018-10-30T09:22:12+00:00 INFO Queuing 3.4.3 - wc_update_343_cleanup_foreign_keys
2018-10-30T09:22:12+00:00 INFO Queuing 3.4.3 - wc_update_343_db_version
2018-10-30T09:22:12+00:00 INFO Queuing 3.4.4 - wc_update_344_recreate_roles
2018-10-30T09:22:12+00:00 INFO Queuing 3.4.4 - wc_update_344_db_version
2018-10-30T09:22:12+00:00 INFO Queuing 3.5.0 - wc_update_350_order_customer_id
2018-10-30T09:22:12+00:00 INFO Queuing 3.5.0 - wc_update_350_reviews_comment_type
2018-10-30T09:22:12+00:00 INFO Queuing 3.5.0 - wc_update_350_db_version
2018-10-30T09:22:14+00:00 INFO Running wc_update_310_downloadable_products callback
2018-10-30T09:22:14+00:00 INFO Finished running wc_update_310_downloadable_products callback
2018-10-30T09:22:14+00:00 INFO Running wc_update_310_old_comments callback
2018-10-30T09:22:15+00:00 INFO Finished running wc_update_310_old_comments callback
2018-10-30T09:22:15+00:00 INFO Running wc_update_310_db_version callback
2018-10-30T09:22:15+00:00 INFO Finished running wc_update_310_db_version callback
2018-10-30T09:22:15+00:00 INFO Running wc_update_312_shop_manager_capabilities callback
2018-10-30T09:22:15+00:00 INFO Finished running wc_update_312_shop_manager_capabilities callback
2018-10-30T09:22:15+00:00 INFO Running wc_update_312_db_version callback
2018-10-30T09:22:15+00:00 INFO Finished running wc_update_312_db_version callback
2018-10-30T09:22:15+00:00 INFO Running wc_update_320_mexican_states callback
2018-10-30T09:22:15+00:00 INFO Finished running wc_update_320_mexican_states callback
2018-10-30T09:22:15+00:00 INFO Running wc_update_320_db_version callback
2018-10-30T09:22:15+00:00 INFO Finished running wc_update_320_db_version callback
2018-10-30T09:22:15+00:00 INFO Running wc_update_330_image_options callback
2018-10-30T09:22:16+00:00 INFO Finished running wc_update_330_image_options callback
2018-10-30T09:22:16+00:00 INFO Running wc_update_330_webhooks callback
2018-10-30T09:22:16+00:00 INFO Finished running wc_update_330_webhooks callback
2018-10-30T09:22:16+00:00 INFO Running wc_update_330_product_stock_status callback
2018-10-30T09:22:16+00:00 INFO Finished running wc_update_330_product_stock_status callback
2018-10-30T09:22:16+00:00 INFO Running wc_update_330_set_default_product_cat callback
2018-10-30T09:22:16+00:00 INFO Finished running wc_update_330_set_default_product_cat callback
2018-10-30T09:22:16+00:00 INFO Running wc_update_330_clear_transients callback
2018-10-30T09:22:16+00:00 INFO Finished running wc_update_330_clear_transients callback
2018-10-30T09:22:16+00:00 INFO Running wc_update_330_set_paypal_sandbox_credentials callback
2018-10-30T09:22:16+00:00 INFO Finished running wc_update_330_set_paypal_sandbox_credentials callback
2018-10-30T09:22:16+00:00 INFO Running wc_update_330_db_version callback
2018-10-30T09:22:16+00:00 INFO Finished running wc_update_330_db_version callback
2018-10-30T09:22:16+00:00 INFO Running wc_update_340_states callback
2018-10-30T09:22:16+00:00 INFO Finished running wc_update_340_states callback
2018-10-30T09:22:16+00:00 INFO Running wc_update_340_state callback
2018-10-30T09:22:16+00:00 INFO wc_update_340_state callback needs to run again
2018-10-30T09:22:16+00:00 INFO Running wc_update_340_last_active callback
2018-10-30T09:22:16+00:00 INFO Finished running wc_update_340_last_active callback
2018-10-30T09:22:16+00:00 INFO Running wc_update_340_db_version callback
2018-10-30T09:22:16+00:00 INFO Finished running wc_update_340_db_version callback
2018-10-30T09:22:16+00:00 INFO Running wc_update_343_cleanup_foreign_keys callback
2018-10-30T09:22:16+00:00 INFO Finished running wc_update_343_cleanup_foreign_keys callback
2018-10-30T09:22:16+00:00 INFO Running wc_update_343_db_version callback
2018-10-30T09:22:16+00:00 INFO Finished running wc_update_343_db_version callback
2018-10-30T09:22:16+00:00 INFO Running wc_update_344_recreate_roles callback
2018-10-30T09:22:32+00:00 INFO Finished running wc_update_344_recreate_roles callback
2018-10-30T09:22:32+00:00 INFO Running wc_update_344_db_version callback
2018-10-30T09:22:32+00:00 INFO Finished running wc_update_344_db_version callback
2018-10-30T09:22:32+00:00 INFO Running wc_update_350_order_customer_id callback
2018-10-30T09:22:32+00:00 INFO Finished running wc_update_350_order_customer_id callback
2018-10-30T09:22:32+00:00 INFO Running wc_update_350_reviews_comment_type callback
2018-10-30T09:22:32+00:00 INFO Finished running wc_update_350_reviews_comment_type callback
2018-10-30T09:22:32+00:00 INFO Running wc_update_350_db_version callback
2018-10-30T09:22:32+00:00 INFO Finished running wc_update_350_db_version callback
2018-10-30T09:22:33+00:00 INFO Running wc_update_340_state callback
2018-10-30T09:22:33+00:00 INFO wc_update_340_state callback needs to run again
2018-10-30T09:22:33+00:00 INFO Running wc_update_340_state callback
2018-10-30T09:22:33+00:00 INFO wc_update_340_state callback needs to run again
2018-10-30T09:22:33+00:00 INFO Running wc_update_340_state callback
2018-10-30T09:22:33+00:00 INFO wc_update_340_state callback needs to run again
2018-10-30T09:22:33+00:00 INFO Running wc_update_340_state callback
2018-10-30T09:22:33+00:00 INFO wc_update_340_state callback needs to run again
2018-10-30T09:22:33+00:00 INFO Running wc_update_340_state callback
2018-10-30T09:22:33+00:00 INFO wc_update_340_state callback needs to run again
2018-10-30T09:22:33+00:00 INFO Running wc_update_340_state callback
2018-10-30T09:22:33+00:00 INFO wc_update_340_state callback needs to run again
2018-10-30T09:22:33+00:00 INFO Running wc_update_340_state callback
2018-10-30T09:22:33+00:00 INFO wc_update_340_state callback needs to run again
2018-10-30T09:22:33+00:00 INFO Running wc_update_340_state callback
2018-10-30T09:22:33+00:00 INFO wc_update_340_state callback needs to run again
2018-10-30T09:22:33+00:00 INFO Running wc_update_340_state callback
2018-10-30T09:22:33+00:00 INFO wc_update_340_state callback needs to run again
2018-10-30T09:22:33+00:00 INFO Running wc_update_340_state callback
2018-10-30T09:22:33+00:00 INFO wc_update_340_state callback needs to run again
2018-10-30T09:22:33+00:00 INFO Running wc_update_340_state callback
2018-10-30T09:22:33+00:00 INFO wc_update_340_state callback needs to run again
2018-10-30T09:22:33+00:00 INFO Running wc_update_340_state callback
2018-10-30T09:22:34+00:00 INFO wc_update_340_state callback needs to run again
2018-10-30T09:22:37+00:00 INFO Running wc_update_340_state callback
2018-10-30T09:22:37+00:00 INFO wc_update_340_state callback needs to run again
2018-10-30T09:22:37+00:00 INFO Running wc_update_340_state callback
2018-10-30T09:22:37+00:00 INFO wc_update_340_state callback needs to run again
2018-10-30T09:22:37+00:00 INFO Running wc_update_340_state callback
2018-10-30T09:22:37+00:00 INFO wc_update_340_state callback needs to run again
2018-10-30T09:22:37+00:00 INFO Running wc_update_340_state callback
2018-10-30T09:22:38+00:00 INFO wc_update_340_state callback needs to run again
2018-10-30T09:22:38+00:00 INFO Running wc_update_340_state callback
2018-10-30T09:22:38+00:00 INFO wc_update_340_state callback needs to run again
2018-10-30T09:22:38+00:00 INFO Running wc_update_340_state callback
2018-10-30T09:22:38+00:00 INFO wc_update_340_state callback needs to run again
2018-10-30T09:22:38+00:00 INFO Running wc_update_340_state callback
2018-10-30T09:22:38+00:00 INFO wc_update_340_state callback needs to run again
2018-10-30T09:22:38+00:00 INFO Running wc_update_340_state callback
2018-10-30T09:22:38+00:00 INFO wc_update_340_state callback needs to run again
2018-10-30T09:22:38+00:00 INFO Running wc_update_340_state callback
2018-10-30T09:22:38+00:00 INFO wc_update_340_state callback needs to run again
2018-10-30T09:22:38+00:00 INFO Running wc_update_340_state callback
2018-10-30T09:22:38+00:00 INFO wc_update_340_state callback needs to run again
2018-10-30T09:22:38+00:00 INFO Running wc_update_340_state callback
2018-10-30T09:22:38+00:00 INFO wc_update_340_state callback needs to run again
2018-10-30T09:22:38+00:00 INFO Running wc_update_340_state callback
2018-10-30T09:22:38+00:00 INFO wc_update_340_state callback needs to run again
2018-10-30T09:22:38+00:00 INFO Running wc_update_340_state callback
2018-10-30T09:22:38+00:00 INFO wc_update_340_state callback needs to run again
2018-10-30T09:22:38+00:00 INFO Running wc_update_340_state callback
2018-10-30T09:22:38+00:00 INFO wc_update_340_state callback needs to run again
2018-10-30T09:22:38+00:00 INFO Running wc_update_340_state callback
2018-10-30T09:22:39+00:00 INFO wc_update_340_state callback needs to run again
2018-10-30T09:22:39+00:00 INFO Running wc_update_340_state callback
2018-10-30T09:22:39+00:00 INFO wc_update_340_state callback needs to run again
2018-10-30T09:22:39+00:00 INFO Running wc_update_340_state callback
2018-10-30T09:22:39+00:00 INFO wc_update_340_state callback needs to run again
2018-10-30T09:22:39+00:00 INFO Running wc_update_340_state callback
2018-10-30T09:22:39+00:00 INFO wc_update_340_state callback needs to run again
2018-10-30T09:22:39+00:00 INFO Running wc_update_340_state callback
2018-10-30T09:22:39+00:00 INFO wc_update_340_state callback needs to run again
2018-10-30T09:22:39+00:00 INFO Running wc_update_340_state callback
2018-10-30T09:22:40+00:00 INFO wc_update_340_state callback needs to run again
2018-10-30T09:22:40+00:00 INFO Running wc_update_340_state callback
2018-10-30T09:22:40+00:00 INFO wc_update_340_state callback needs to run again
2018-10-30T09:22:40+00:00 INFO Running wc_update_340_state callback
2018-10-30T09:22:40+00:00 INFO wc_update_340_state callback needs to run again
2018-10-30T09:22:40+00:00 INFO Running wc_update_340_state callback
2018-10-30T09:22:40+00:00 INFO wc_update_340_state callback needs to run again
2018-10-30T09:22:40+00:00 INFO Running wc_update_340_state callback
2018-10-30T09:22:40+00:00 INFO wc_update_340_state callback needs to run again
2018-10-30T09:22:40+00:00 INFO Running wc_update_340_state callback
2018-10-30T09:22:41+00:00 INFO wc_update_340_state callback needs to run again
2018-10-30T09:22:41+00:00 INFO Running wc_update_340_state callback
2018-10-30T09:22:41+00:00 INFO wc_update_340_state callback needs to run again
2018-10-30T09:22:41+00:00 INFO Running wc_update_340_state callback
2018-10-30T09:22:41+00:00 INFO wc_update_340_state callback needs to run again
2018-10-30T09:22:41+00:00 INFO Running wc_update_340_state callback
2018-10-30T09:22:41+00:00 INFO wc_update_340_state callback needs to run again
2018-10-30T09:22:41+00:00 INFO Running wc_update_340_state callback
2018-10-30T09:22:41+00:00 INFO wc_update_340_state callback needs to run again
2018-10-30T09:22:41+00:00 INFO Running wc_update_340_state callback
2018-10-30T09:22:41+00:00 INFO wc_update_340_state callback needs to run again
2018-10-30T09:22:41+00:00 INFO Running wc_update_340_state callback
2018-10-30T09:22:41+00:00 INFO wc_update_340_state callback needs to run again
2018-10-30T09:22:41+00:00 INFO Running wc_update_340_state callback
2018-10-30T09:22:42+00:00 INFO wc_update_340_state callback needs to run again
2018-10-30T09:22:42+00:00 INFO Running wc_update_340_state callback
2018-10-30T09:22:42+00:00 INFO wc_update_340_state callback needs to run again
2018-10-30T09:22:42+00:00 INFO Running wc_update_340_state callback
2018-10-30T09:22:42+00:00 INFO wc_update_340_state callback needs to run again
2018-10-30T09:22:42+00:00 INFO Running wc_update_340_state callback
2018-10-30T09:22:42+00:00 INFO wc_update_340_state callback needs to run again
2018-10-30T09:22:42+00:00 INFO Running wc_update_340_state callback
2018-10-30T09:22:42+00:00 INFO wc_update_340_state callback needs to run again
2018-10-30T09:22:42+00:00 INFO Running wc_update_340_state callback
2018-10-30T09:22:42+00:00 INFO wc_update_340_state callback needs to run again
2018-10-30T09:22:42+00:00 INFO Running wc_update_340_state callback
2018-10-30T09:22:42+00:00 INFO wc_update_340_state callback needs to run again
2018-10-30T09:22:42+00:00 INFO Running wc_update_340_state callback
2018-10-30T09:22:42+00:00 INFO wc_update_340_state callback needs to run again
2018-10-30T09:22:42+00:00 INFO Running wc_update_340_state callback
2018-10-30T09:22:42+00:00 INFO wc_update_340_state callback needs to run again
2018-10-30T09:22:42+00:00 INFO Running wc_update_340_state callback
2018-10-30T09:22:42+00:00 INFO wc_update_340_state callback needs to run again
2018-10-30T09:22:42+00:00 INFO Running wc_update_340_state callback
2018-10-30T09:22:42+00:00 INFO wc_update_340_state callback needs to run again
2018-10-30T09:22:43+00:00 INFO Running wc_update_340_state callback
2018-10-30T09:22:43+00:00 INFO wc_update_340_state callback needs to run again
2018-10-30T09:22:43+00:00 INFO Running wc_update_340_state callback
2018-10-30T09:22:43+00:00 INFO wc_update_340_state callback needs to run again
2018-10-30T09:22:43+00:00 INFO Running wc_update_340_state callback
2018-10-30T09:22:43+00:00 INFO wc_update_340_state callback needs to run again
2018-10-30T09:22:43+00:00 INFO Running wc_update_340_state callback
2018-10-30T09:22:43+00:00 INFO wc_update_340_state callback needs to run again
2018-10-30T09:22:43+00:00 INFO Running wc_update_340_state callback
2018-10-30T09:22:43+00:00 INFO wc_update_340_state callback needs to run again
2018-10-30T09:22:43+00:00 INFO Running wc_update_340_state callback
2018-10-30T09:22:43+00:00 INFO wc_update_340_state callback needs to run again
2018-10-30T09:22:43+00:00 INFO Running wc_update_340_state callback
2018-10-30T09:22:43+00:00 INFO wc_update_340_state callback needs to run again
2018-10-30T09:22:43+00:00 INFO Running wc_update_340_state callback
2018-10-30T09:22:43+00:00 INFO wc_update_340_state callback needs to run again
2018-10-30T09:22:43+00:00 INFO Running wc_update_340_state callback
2018-10-30T09:22:43+00:00 INFO wc_update_340_state callback needs to run again
2018-10-30T09:22:43+00:00 INFO Running wc_update_340_state callback
2018-10-30T09:22:43+00:00 INFO wc_update_340_state callback needs to run again
2018-10-30T09:22:43+00:00 INFO Running wc_update_340_state callback
2018-10-30T09:22:43+00:00 INFO wc_update_340_state callback needs to run again
2018-10-30T09:22:43+00:00 INFO Running wc_update_340_state callback
2018-10-30T09:22:43+00:00 INFO Finished running wc_update_340_state callback
2018-10-30T09:22:43+00:00 INFO Data update complete
